0 silly argv {
0 silly argv   _: [ 'bootstrap' ],
0 silly argv   lernaVersion: '4.0.0',
0 silly argv   '$0': '/Users/samirmaikap/Apps/ignite/node_modules/.bin/lerna'
0 silly argv }
1 notice cli v4.0.0
2 verbose rootPath /Users/samirmaikap/Apps/ignite
3 error JSONError: Unexpected token "}" (0x7D) in JSON at position 4341 while parsing near "...olver\": \"^4.1.0\",\n  },\n  \"resolutions\": ..." in packages/mobile/package.json
3 error
3 error [0m [90m 113 |[39m     [32m"typescript"[39m[33m:[39m [32m"^4.4.4"[39m[33m,[39m[0m
3 error [0m [90m 114 |[39m     [32m"babel-plugin-module-resolver"[39m[33m:[39m [32m"^4.1.0"[39m[33m,[39m[0m
3 error [0m[31m[1m>[22m[39m[90m 115 |[39m   }[33m,[39m[0m
3 error [0m [90m     |[39m   [31m[1m^[22m[39m[0m
3 error [0m [90m 116 |[39m   [32m"resolutions"[39m[33m:[39m {[0m
3 error [0m [90m 117 |[39m     [32m"@types/react"[39m[33m:[39m [32m"^17"[39m[0m
3 error [0m [90m 118 |[39m   }[33m,[39m[0m
3 error
3 error     at parseJson (/Users/samirmaikap/Apps/ignite/node_modules/parse-json/index.js:29:21)
3 error     at parse (/Users/samirmaikap/Apps/ignite/node_modules/load-json-file/index.js:15:9)
3 error     at module.exports (/Users/samirmaikap/Apps/ignite/node_modules/load-json-file/index.js:18:47)
